  main.cpp
D:\GameDev\level loader\level loader\include\raylib\raygui.h(2654,46): warning C4267: '=': conversion from 'size_t' to 'int', possible loss of data
  (compiling source file 'src/main.cpp')
  
D:\GameDev\level loader\level loader\include\level loader.hpp(38,1): warning C4067: unexpected tokens following preprocessor directive - expected a newline
  (compiling source file 'src/main.cpp')
  
D:\GameDev\level loader\level loader\include\level loader.hpp(79,10): warning C4244: 'return': conversion from 'float' to 'int', possible loss of data
  (compiling source file 'src/main.cpp')
  
D:\GameDev\level loader\level loader\include\level loader.hpp(139,2): warning C4091: 'typedef ': ignored on left of 'Level' when no variable is declared
  (compiling source file 'src/main.cpp')
  
D:\GameDev\level loader\level loader\include\level loader.hpp(189,26): warning C4244: '=': conversion from 'ValueType' to 'float', possible loss of data
D:\GameDev\level loader\level loader\include\level loader.hpp(189,26): warning C4244:         with
D:\GameDev\level loader\level loader\include\level loader.hpp(189,26): warning C4244:         [
D:\GameDev\level loader\level loader\include\level loader.hpp(189,26): warning C4244:             ValueType=int
D:\GameDev\level loader\level loader\include\level loader.hpp(189,26): warning C4244:         ]
  (compiling source file 'src/main.cpp')
  
D:\GameDev\level loader\level loader\include\level loader.hpp(194,26): warning C4244: '=': conversion from 'ValueType' to 'float', possible loss of data
D:\GameDev\level loader\level loader\include\level loader.hpp(194,26): warning C4244:         with
D:\GameDev\level loader\level loader\include\level loader.hpp(194,26): warning C4244:         [
D:\GameDev\level loader\level loader\include\level loader.hpp(194,26): warning C4244:             ValueType=int
D:\GameDev\level loader\level loader\include\level loader.hpp(194,26): warning C4244:         ]
  (compiling source file 'src/main.cpp')
  
D:\GameDev\level loader\level loader\include\level loader.hpp(203,26): warning C4244: '=': conversion from 'ValueType' to 'float', possible loss of data
D:\GameDev\level loader\level loader\include\level loader.hpp(203,26): warning C4244:         with
D:\GameDev\level loader\level loader\include\level loader.hpp(203,26): warning C4244:         [
D:\GameDev\level loader\level loader\include\level loader.hpp(203,26): warning C4244:             ValueType=int
D:\GameDev\level loader\level loader\include\level loader.hpp(203,26): warning C4244:         ]
  (compiling source file 'src/main.cpp')
  
D:\GameDev\level loader\level loader\include\level loader.hpp(208,26): warning C4244: '=': conversion from 'ValueType' to 'float', possible loss of data
D:\GameDev\level loader\level loader\include\level loader.hpp(208,26): warning C4244:         with
D:\GameDev\level loader\level loader\include\level loader.hpp(208,26): warning C4244:         [
D:\GameDev\level loader\level loader\include\level loader.hpp(208,26): warning C4244:             ValueType=int
D:\GameDev\level loader\level loader\include\level loader.hpp(208,26): warning C4244:         ]
  (compiling source file 'src/main.cpp')
  
D:\GameDev\level loader\level loader\include\level loader.hpp(214,23): warning C4244: '=': conversion from 'ValueType' to 'float', possible loss of data
D:\GameDev\level loader\level loader\include\level loader.hpp(214,23): warning C4244:         with
D:\GameDev\level loader\level loader\include\level loader.hpp(214,23): warning C4244:         [
D:\GameDev\level loader\level loader\include\level loader.hpp(214,23): warning C4244:             ValueType=int
D:\GameDev\level loader\level loader\include\level loader.hpp(214,23): warning C4244:         ]
  (compiling source file 'src/main.cpp')
  
D:\GameDev\level loader\level loader\include\level loader.hpp(217,72): warning C4244: 'argument': conversion from 'float' to 'int', possible loss of data
  (compiling source file 'src/main.cpp')
  
D:\GameDev\level loader\level loader\src\main.cpp(117,43): warning C4244: 'argument': conversion from 'float' to 'int', possible loss of data
D:\GameDev\level loader\level loader\src\main.cpp(117,33): warning C4244: 'argument': conversion from 'float' to 'int', possible loss of data
D:\GameDev\level loader\level loader\src\main.cpp(124,43): warning C4244: 'argument': conversion from 'float' to 'int', possible loss of data
D:\GameDev\level loader\level loader\src\main.cpp(124,33): warning C4244: 'argument': conversion from 'float' to 'int', possible loss of data
  level loader.vcxproj -> D:\GameDev\level loader\level loader\binx64\Debug\level loader.exe
